Determining if the pthread_create exist failed with the following output:
Change Dir: /home/nvidia/ORB_SLAM2/Examples/ROS/ORB_SLAM2/build/CMakeFiles/CMakeTmp

Run Build Command:"/usr/bin/make" "cmTC_3d11d/fast"
/usr/bin/make -f CMakeFiles/cmTC_3d11d.dir/build.make CMakeFiles/cmTC_3d11d.dir/build
make[1]: Entering directory '/home/nvidia/ORB_SLAM2/Examples/ROS/ORB_SLAM2/build/CMakeFiles/CMakeTmp'
Building C object CMakeFiles/cmTC_3d11d.dir/CheckSymbolExists.c.o
/usr/bin/cc     -o CMakeFiles/cmTC_3d11d.dir/CheckSymbolExists.c.o   -c /home/nvidia/ORB_SLAM2/Examples/ROS/ORB_SLAM2/build/CMakeFiles/CMakeTmp/CheckSymbolExists.c
Linking C executable cmTC_3d11d
/usr/bin/cmake -E cmake_link_script CMakeFiles/cmTC_3d11d.dir/link.txt --verbose=1
/usr/bin/cc       CMakeFiles/cmTC_3d11d.dir/CheckSymbolExists.c.o  -o cmTC_3d11d -rdynamic 
CMakeFiles/cmTC_3d11d.dir/CheckSymbolExists.c.o: In function `main':
CheckSymbolExists.c:(.text+0x14): undefined reference to `pthread_create'
CheckSymbolExists.c:(.text+0x18): undefined reference to `pthread_create'
collect2: error: ld returned 1 exit status
CMakeFiles/cmTC_3d11d.dir/build.make:97: recipe for target 'cmTC_3d11d' failed
make[1]: *** [cmTC_3d11d] Error 1
make[1]: Leaving directory '/home/nvidia/ORB_SLAM2/Examples/ROS/ORB_SLAM2/build/CMakeFiles/CMakeTmp'
Makefile:126: recipe for target 'cmTC_3d11d/fast' failed
make: *** [cmTC_3d11d/fast] Error 2

File /home/nvidia/ORB_SLAM2/Examples/ROS/ORB_SLAM2/build/CMakeFiles/CMakeTmp/CheckSymbolExists.c:
/* */
#include <pthread.h>

int main(int argc, char** argv)
{
  (void)argv;
#ifndef pthread_create
  return ((int*)(&pthread_create))[argc];
#else
  (void)argc;
  return 0;
#endif
}

Determining if the function pthread_create exists in the pthreads failed with the following output:
Change Dir: /home/nvidia/ORB_SLAM2/Examples/ROS/ORB_SLAM2/build/CMakeFiles/CMakeTmp

Run Build Command:"/usr/bin/make" "cmTC_a7374/fast"
/usr/bin/make -f CMakeFiles/cmTC_a7374.dir/build.make CMakeFiles/cmTC_a7374.dir/build
make[1]: Entering directory '/home/nvidia/ORB_SLAM2/Examples/ROS/ORB_SLAM2/build/CMakeFiles/CMakeTmp'
Building C object CMakeFiles/cmTC_a7374.dir/CheckFunctionExists.c.o
/usr/bin/cc    -DCHECK_FUNCTION_EXISTS=pthread_create   -o CMakeFiles/cmTC_a7374.dir/CheckFunctionExists.c.o   -c /usr/share/cmake-3.5/Modules/CheckFunctionExists.c
Linking C executable cmTC_a7374
/usr/bin/cmake -E cmake_link_script CMakeFiles/cmTC_a7374.dir/link.txt --verbose=1
/usr/bin/cc   -DCHECK_FUNCTION_EXISTS=pthread_create    CMakeFiles/cmTC_a7374.dir/CheckFunctionExists.c.o  -o cmTC_a7374 -rdynamic -lpthreads 
/usr/bin/ld: cannot find -lpthreads
collect2: error: ld returned 1 exit status
CMakeFiles/cmTC_a7374.dir/build.make:97: recipe for target 'cmTC_a7374' failed
make[1]: *** [cmTC_a7374] Error 1
make[1]: Leaving directory '/home/nvidia/ORB_SLAM2/Examples/ROS/ORB_SLAM2/build/CMakeFiles/CMakeTmp'
Makefile:126: recipe for target 'cmTC_a7374/fast' failed
make: *** [cmTC_a7374/fast] Error 2


